<?xml version="1.0" encoding="UTF-8"?>
<robot generator="Robot 3.1 (Python 3.7.1 on win32)" generated="20181230 12:26:14.459" rpa="false">
<suite id="s1" name="TC 005" source="D:\PycharmProjects\RobotAutomation\TestCases\TC_005.robot">
<test id="s1-t1" name="TC_005 Validate Login and Logout">
<kw name="Get Selenium Speed" library="SeleniumLibrary">
<doc>Gets the delay that is waited after each Selenium command.</doc>
<assign>
<var>${speed}</var>
</assign>
<msg timestamp="20181230 12:26:14.701" level="INFO">${speed} = 0 seconds</msg>
<status status="PASS" starttime="20181230 12:26:14.701" endtime="20181230 12:26:14.701"></status>
</kw>
<kw name="Log To Console" library="BuiltIn">
<doc>Logs the given message to the console.</doc>
<arguments>
<arg>${speed}</arg>
</arguments>
<status status="PASS" starttime="20181230 12:26:14.702" endtime="20181230 12:26:14.702"></status>
</kw>
<kw name="Open Browser" library="SeleniumLibrary">
<doc>Opens a new browser instance to the given ``url``.</doc>
<arguments>
<arg>https://accounts.google.com/ServiceLogin/identifier?continue=https%3A%2F%2Fmail.google.com%2Fmail&amp;passive=1209600&amp;sacu=1&amp;ignoreShadow=0&amp;hl=es&amp;acui=0&amp;flowName=GlifWebSignIn&amp;flowEntry=ServiceLogin</arg>
<arg>Chrome</arg>
</arguments>
<msg timestamp="20181230 12:26:14.702" level="INFO">Opening browser 'Chrome' to base url 'https://accounts.google.com/ServiceLogin/identifier?continue=https%3A%2F%2Fmail.google.com%2Fmail&amp;passive=1209600&amp;sacu=1&amp;ignoreShadow=0&amp;hl=es&amp;acui=0&amp;flowName=GlifWebSignIn&amp;flowEntry=ServiceLogin'.</msg>
<status status="PASS" starttime="20181230 12:26:14.702" endtime="20181230 12:26:20.047"></status>
</kw>
<kw name="Maximize Browser Window" library="SeleniumLibrary">
<doc>Maximizes current browser window.</doc>
<status status="PASS" starttime="20181230 12:26:20.059" endtime="20181230 12:26:21.181"></status>
</kw>
<kw name="Set Selenium Speed" library="SeleniumLibrary">
<doc>Sets the delay that is waited after each Selenium command.</doc>
<arguments>
<arg>1second</arg>
</arguments>
<status status="PASS" starttime="20181230 12:26:21.181" endtime="20181230 12:26:21.181"></status>
</kw>
<kw name="Input Text" library="SeleniumLibrary">
<doc>Types the given ``text`` into text field identified by ``locator``.</doc>
<arguments>
<arg>id:identifierId</arg>
<arg>whuacho18</arg>
</arguments>
<msg timestamp="20181230 12:26:21.182" level="INFO">Typing text 'whuacho18' into text field 'id:identifierId'.</msg>
<status status="PASS" starttime="20181230 12:26:21.182" endtime="20181230 12:26:24.330"></status>
</kw>
<kw name="Get Selenium Speed" library="SeleniumLibrary">
<doc>Gets the delay that is waited after each Selenium command.</doc>
<assign>
<var>${speed}</var>
</assign>
<msg timestamp="20181230 12:26:24.331" level="INFO">${speed} = 1 second</msg>
<status status="PASS" starttime="20181230 12:26:24.330" endtime="20181230 12:26:24.331"></status>
</kw>
<kw name="Log To Console" library="BuiltIn">
<doc>Logs the given message to the console.</doc>
<arguments>
<arg>${speed}</arg>
</arguments>
<status status="PASS" starttime="20181230 12:26:24.332" endtime="20181230 12:26:24.333"></status>
</kw>
<kw name="Close Browser" library="SeleniumLibrary">
<doc>Closes the current browser.</doc>
<status status="PASS" starttime="20181230 12:26:24.333" endtime="20181230 12:26:27.450"></status>
</kw>
<status status="PASS" starttime="20181230 12:26:14.701" endtime="20181230 12:26:27.450" critical="yes"></status>
</test>
<status status="PASS" starttime="20181230 12:26:14.461" endtime="20181230 12:26:27.451"></status>
</suite>
<statistics>
<total>
<stat pass="1" fail="0">Critical Tests</stat>
<stat pass="1" fail="0">All Tests</stat>
</total>
<tag>
</tag>
<suite>
<stat pass="1" fail="0" id="s1" name="TC 005">TC 005</stat>
</suite>
</statistics>
<errors>
</errors>
</robot>
